  AttackManager.cpp
D:\c++\dae13-PechaPatrik\DAE13_Pecha_Patrik\SansFight\AttackManager.cpp(151,67): warning C4244: 'argument': conversion from 'float' to 'int', possible loss of data
D:\c++\dae13-PechaPatrik\DAE13_Pecha_Patrik\SansFight\AttackManager.cpp(763,67): warning C4244: 'argument': conversion from 'float' to 'int', possible loss of data
D:\c++\dae13-PechaPatrik\DAE13_Pecha_Patrik\SansFight\AttackManager.cpp(2017,110): warning C4244: 'argument': conversion from 'float' to 'int', possible loss of data
D:\c++\dae13-PechaPatrik\DAE13_Pecha_Patrik\SansFight\AttackManager.cpp(2028,113): warning C4244: 'argument': conversion from 'float' to 'int', possible loss of data
D:\c++\dae13-PechaPatrik\DAE13_Pecha_Patrik\SansFight\AttackManager.cpp(2039,114): warning C4244: 'argument': conversion from 'float' to 'int', possible loss of data
D:\c++\dae13-PechaPatrik\DAE13_Pecha_Patrik\SansFight\AttackManager.cpp(2050,113): warning C4244: 'argument': conversion from 'float' to 'int', possible loss of data
D:\c++\dae13-PechaPatrik\DAE13_Pecha_Patrik\SansFight\AttackManager.cpp(2088,50): warning C4244: '=': conversion from '_Ty2' to 'int', possible loss of data
D:\c++\dae13-PechaPatrik\DAE13_Pecha_Patrik\SansFight\AttackManager.cpp(2088,50): warning C4244:         with
D:\c++\dae13-PechaPatrik\DAE13_Pecha_Patrik\SansFight\AttackManager.cpp(2088,50): warning C4244:         [
D:\c++\dae13-PechaPatrik\DAE13_Pecha_Patrik\SansFight\AttackManager.cpp(2088,50): warning C4244:             _Ty2=float
D:\c++\dae13-PechaPatrik\DAE13_Pecha_Patrik\SansFight\AttackManager.cpp(2088,50): warning C4244:         ]
C:\Program Files\Microsoft Visual Studio\2022\Enterprise\VC\Tools\MSVC\14.43.34808\include\utility(274,54): warning C4244: 'initializing': conversion from 'int' to '_Ty2', possible loss of data
C:\Program Files\Microsoft Visual Studio\2022\Enterprise\VC\Tools\MSVC\14.43.34808\include\utility(274,54): warning C4244:         with
C:\Program Files\Microsoft Visual Studio\2022\Enterprise\VC\Tools\MSVC\14.43.34808\include\utility(274,54): warning C4244:         [
C:\Program Files\Microsoft Visual Studio\2022\Enterprise\VC\Tools\MSVC\14.43.34808\include\utility(274,54): warning C4244:             _Ty2=float
C:\Program Files\Microsoft Visual Studio\2022\Enterprise\VC\Tools\MSVC\14.43.34808\include\utility(274,54): warning C4244:         ]
  (compiling source file 'AttackManager.cpp')
      C:\Program Files\Microsoft Visual Studio\2022\Enterprise\VC\Tools\MSVC\14.43.34808\include\utility(274,54):
      the template instantiation context (the oldest one first) is
          D:\c++\dae13-PechaPatrik\DAE13_Pecha_Patrik\SansFight\AttackManager.cpp(2142,46):
          see reference to function template instantiation 'std::pair<std::function<void (void)>,float>::pair<std::function<void (void)>&,int&,0>(_Other1,_Other2) noexcept(false)' being compiled
          with
          [
              _Other1=std::function<void (void)> &,
              _Other2=int &
          ]
              D:\c++\dae13-PechaPatrik\DAE13_Pecha_Patrik\SansFight\AttackManager.cpp(2142,45):
              see the first reference to 'std::pair<std::function<void (void)>,float>::pair' in 'AttackManager::AddStep'
  
  SansFight.vcxproj -> D:\c++\dae13-PechaPatrik\DAE13_Pecha_Patrik\x64\Debug\SansFight.exe
  0 File(s) copied
  0 File(s) copied
  0 File(s) copied
  0 File(s) copied
  0 File(s) copied
